::1 - - [30/Mar/2026 12:02:33] "GET /examples/app/schema/tour-config-runtime.js HTTP/1.1" 200 -
::1 - - [30/Mar/2026 12:02:33] "GET /examples/three.html?tour=brighton-emily-001&edit=1 HTTP/1.1" 200 -
::1 - - [30/Mar/2026 12:02:33] "GET /examples/three.html?tour=brighton-emily-001 HTTP/1.1" 200 -
::1 - - [30/Mar/2026 12:03:48] "GET /examples/three.html?tour=brighton-emily-001&edit=1&debug=1&intro=0&start=home HTTP/1.1" 304 -
::1 - - [30/Mar/2026 12:03:55] code 404, message File not found
::1 - - [30/Mar/2026 12:03:55] "GET /.well-known/appspecific/com.chrome.devtools.json HTTP/1.1" 404 -
::1 - - [30/Mar/2026 12:04:01] "GET /examples/three.html?tour=brighton-emily-001&edit=1&debug=1&intro=0&start=home HTTP/1.1" 304 -
::1 - - [30/Mar/2026 12:04:01] code 404, message File not found
::1 - - [30/Mar/2026 12:04:01] "GET /.well-known/appspecific/com.chrome.devtools.json HTTP/1.1" 404 -
::1 - - [30/Mar/2026 12:04:26] "GET /examples/three.html?tour=brighton-emily-001&edit=1&debug=1&intro=0&start=home HTTP/1.1" 200 -
::1 - - [30/Mar/2026 12:04:26] code 404, message File not found
::1 - - [30/Mar/2026 12:04:26] "GET /.well-known/appspecific/com.chrome.devtools.json HTTP/1.1" 404 -
::1 - - [30/Mar/2026 12:04:26] "GET /assets/ui/vios-intro.mp4 HTTP/1.1" 200 -
::1 - - [30/Mar/2026 12:04:26] "GET /examples/engine/three/three.module.js HTTP/1.1" 200 -
::1 - - [30/Mar/2026 12:04:26] "GET /examples/engine/three/jsm/controls/OrbitControls.js HTTP/1.1" 200 -
::1 - - [30/Mar/2026 12:04:26] "GET /sdk/lcc-0.5.5.js HTTP/1.1" 200 -
::1 - - [30/Mar/2026 12:04:26] "GET /examples/engine/three/jsm/libs/fflate.module.js HTTP/1.1" 200 -
::1 - - [30/Mar/2026 12:04:26] "GET /examples/engine/three/jsm/controls/PointerLockControls.js HTTP/1.1" 200 -
::1 - - [30/Mar/2026 12:04:26] "GET /examples/app/schema/tour-config-runtime.js HTTP/1.1" 200 -
::1 - - [30/Mar/2026 12:04:26] "GET /examples/app/analytics/analytics-client.js HTTP/1.1" 200 -
::1 - - [30/Mar/2026 12:04:26] "GET /examples/app/engine/camera-startup.js HTTP/1.1" 200 -
::1 - - [30/Mar/2026 12:04:26] "GET /examples/app/engine/collision-resolver.js HTTP/1.1" 200 -
::1 - - [30/Mar/2026 12:04:26] "GET /examples/app/engine/hotspots-engine.js HTTP/1.1" 200 -
::1 - - [30/Mar/2026 12:04:26] "GET /examples/app/engine/viewer-engine.js HTTP/1.1" 200 -
::1 - - [30/Mar/2026 12:04:26] "GET /examples/app/navigation/navigation-events.js HTTP/1.1" 200 -
::1 - - [30/Mar/2026 12:04:26] "GET /examples/app/navigation/navigation-controller.js HTTP/1.1" 200 -
::1 - - [30/Mar/2026 12:04:26] "GET /examples/app/navigation/movement-resolver.js HTTP/1.1" 200 -
::1 - - [30/Mar/2026 12:04:26] "GET /examples/app/navigation/navigation-types.js HTTP/1.1" 200 -
::1 - - [30/Mar/2026 12:04:26] "GET /examples/app/navigation/location-resolver.js HTTP/1.1" 200 -
::1 - - [30/Mar/2026 12:04:26] "GET /examples/app/navigation/navigation-feel-config.js HTTP/1.1" 200 -
::1 - - [30/Mar/2026 12:04:26] "GET /examples/app/input/navigation-input.js HTTP/1.1" 200 -
::1 - - [30/Mar/2026 12:04:26] "GET /examples/app/state/viewer-store.js HTTP/1.1" 200 -
::1 - - [30/Mar/2026 12:04:26] "GET /examples/app/ui/onboarding-ui.js HTTP/1.1" 200 -
::1 - - [30/Mar/2026 12:04:26] "GET /examples/app/ui/loading-ui.js HTTP/1.1" 200 -
::1 - - [30/Mar/2026 12:04:26] "GET /examples/app/ui/editor-ui.js HTTP/1.1" 200 -
::1 - - [30/Mar/2026 12:04:26] "GET /examples/app/ui/ui-controller.js HTTP/1.1" 200 -
::1 - - [30/Mar/2026 12:04:26] "GET /examples/app/navigation/collision-policy.js HTTP/1.1" 200 -
::1 - - [30/Mar/2026 12:04:26] "GET /examples/app/input/editable-target.js HTTP/1.1" 200 -
::1 - - [30/Mar/2026 12:04:26] "GET /tours/models.registry.json HTTP/1.1" 200 -
::1 - - [30/Mar/2026 12:04:26] "GET /tours/tours.registry.json HTTP/1.1" 200 -
::1 - - [30/Mar/2026 12:04:26] "GET /tours/brighton-emily-001/tour.json HTTP/1.1" 200 -
::1 - - [30/Mar/2026 13:38:28] "GET /examples/three.html?tour=brighton-emily-001&edit=1 HTTP/1.1" 200 -
::1 - - [30/Mar/2026 13:38:28] "GET /examples/three.html?tour=brighton-emily-001&edit=1 HTTP/1.1" 200 -
::1 - - [30/Mar/2026 13:38:28] "GET /examples/three.html?tour=brighton-emily-001 HTTP/1.1" 200 -
::1 - - [30/Mar/2026 13:43:28] "GET /examples/three.html?tour=brighton-emily-001&edit=1 HTTP/1.1" 200 -
::1 - - [30/Mar/2026 13:43:28] "GET /assets/ui/vios-intro.mp4 HTTP/1.1" 200 -
::1 - - [30/Mar/2026 13:43:28] "GET /examples/engine/three/jsm/controls/PointerLockControls.js HTTP/1.1" 200 -
::1 - - [30/Mar/2026 13:43:28] "GET /examples/engine/three/jsm/controls/OrbitControls.js HTTP/1.1" 200 -
::1 - - [30/Mar/2026 13:43:28] "GET /examples/app/analytics/analytics-client.js HTTP/1.1" 200 -
::1 - - [30/Mar/2026 13:43:28] "GET /examples/app/schema/tour-config-runtime.js HTTP/1.1" 200 -
::1 - - [30/Mar/2026 13:43:28] "GET /examples/engine/three/jsm/libs/fflate.module.js HTTP/1.1" 200 -
::1 - - [30/Mar/2026 13:43:28] "GET /examples/app/engine/camera-startup.js HTTP/1.1" 200 -
::1 - - [30/Mar/2026 13:43:28] "GET /examples/app/engine/collision-resolver.js HTTP/1.1" 200 -
::1 - - [30/Mar/2026 13:43:28] "GET /examples/app/engine/viewer-engine.js HTTP/1.1" 200 -
::1 - - [30/Mar/2026 13:43:28] "GET /examples/app/engine/hotspots-engine.js HTTP/1.1" 200 -
::1 - - [30/Mar/2026 13:43:28] "GET /examples/app/navigation/navigation-events.js HTTP/1.1" 200 -
::1 - - [30/Mar/2026 13:43:28] "GET /examples/app/navigation/navigation-feel-config.js HTTP/1.1" 200 -
::1 - - [30/Mar/2026 13:43:28] "GET /examples/app/navigation/location-resolver.js HTTP/1.1" 200 -
::1 - - [30/Mar/2026 13:43:28] "GET /examples/app/navigation/navigation-controller.js HTTP/1.1" 200 -
::1 - - [30/Mar/2026 13:43:28] "GET /examples/app/navigation/movement-resolver.js HTTP/1.1" 200 -
::1 - - [30/Mar/2026 13:43:28] "GET /examples/app/state/viewer-store.js HTTP/1.1" 200 -
::1 - - [30/Mar/2026 13:43:28] "GET /examples/app/navigation/navigation-types.js HTTP/1.1" 200 -
::1 - - [30/Mar/2026 13:43:28] "GET /examples/app/ui/editor-ui.js HTTP/1.1" 200 -
::1 - - [30/Mar/2026 13:43:28] "GET /examples/app/ui/ui-controller.js HTTP/1.1" 200 -
::1 - - [30/Mar/2026 13:43:28] "GET /examples/app/input/navigation-input.js HTTP/1.1" 200 -
::1 - - [30/Mar/2026 13:43:28] "GET /examples/app/ui/onboarding-ui.js HTTP/1.1" 200 -
::1 - - [30/Mar/2026 13:43:28] "GET /examples/app/ui/loading-ui.js HTTP/1.1" 200 -
::1 - - [30/Mar/2026 13:43:28] "GET /examples/app/navigation/collision-policy.js HTTP/1.1" 200 -
::1 - - [30/Mar/2026 13:43:28] "GET /examples/app/input/editable-target.js HTTP/1.1" 200 -
::1 - - [30/Mar/2026 13:43:28] "GET /sdk/lcc-0.5.5.js HTTP/1.1" 200 -
::1 - - [30/Mar/2026 13:43:28] "GET /examples/engine/three/three.module.js HTTP/1.1" 200 -
::1 - - [30/Mar/2026 13:43:28] "GET /tours/tours.registry.json HTTP/1.1" 200 -
::1 - - [30/Mar/2026 13:43:28] "GET /tours/models.registry.json HTTP/1.1" 200 -
::1 - - [30/Mar/2026 13:43:28] "GET /tours/brighton-emily-001/tour.json HTTP/1.1" 200 -
::1 - - [30/Mar/2026 13:43:38] "GET /examples/three.html?tour=brighton-emily-001&edit=1 HTTP/1.1" 304 -
::1 - - [30/Mar/2026 13:43:38] "GET /tours/models.registry.json HTTP/1.1" 200 -
::1 - - [30/Mar/2026 13:43:38] "GET /tours/tours.registry.json HTTP/1.1" 200 -
::1 - - [30/Mar/2026 13:43:38] "GET /tours/brighton-emily-001/tour.json HTTP/1.1" 200 -
::1 - - [30/Mar/2026 13:44:07] "GET /examples/three.html?tour=brighton-emily-001&edit=1 HTTP/1.1" 304 -
::1 - - [30/Mar/2026 13:44:07] "GET /tours/models.registry.json HTTP/1.1" 200 -
::1 - - [30/Mar/2026 13:44:07] "GET /tours/tours.registry.json HTTP/1.1" 200 -
::1 - - [30/Mar/2026 13:44:07] "GET /tours/brighton-emily-001/tour.json HTTP/1.1" 200 -
::1 - - [30/Mar/2026 13:45:03] "GET /tours/models.registry.json HTTP/1.1" 200 -
::1 - - [30/Mar/2026 13:45:03] "GET /tours/tours.registry.json HTTP/1.1" 200 -
::1 - - [30/Mar/2026 13:45:03] "GET /tours/brighton-emily-001/tour.json HTTP/1.1" 200 -
::1 - - [30/Mar/2026 13:45:16] code 404, message File not found
::1 - - [30/Mar/2026 13:45:16] "GET /.well-known/appspecific/com.chrome.devtools.json HTTP/1.1" 404 -
::1 - - [30/Mar/2026 13:50:53] "GET /examples/three.html?tour=brighton-emily-001&edit=1 HTTP/1.1" 200 -
::1 - - [30/Mar/2026 13:50:53] "GET /examples/three.html?tour=brighton-emily-001 HTTP/1.1" 200 -
::1 - - [30/Mar/2026 13:51:50] "GET /examples/three.html?tour=brighton-emily-001&edit=1 HTTP/1.1" 200 -
::1 - - [30/Mar/2026 13:51:50] code 404, message File not found
::1 - - [30/Mar/2026 13:51:50] "GET /.well-known/appspecific/com.chrome.devtools.json HTTP/1.1" 404 -
::1 - - [30/Mar/2026 13:51:50] "GET /assets/ui/vios-intro.mp4 HTTP/1.1" 200 -
::1 - - [30/Mar/2026 13:51:50] "GET /examples/engine/three/three.module.js HTTP/1.1" 200 -
::1 - - [30/Mar/2026 13:51:50] "GET /examples/engine/three/jsm/controls/OrbitControls.js HTTP/1.1" 200 -
::1 - - [30/Mar/2026 13:51:50] "GET /examples/engine/three/jsm/controls/PointerLockControls.js HTTP/1.1" 200 -
::1 - - [30/Mar/2026 13:51:50] "GET /examples/engine/three/jsm/libs/fflate.module.js HTTP/1.1" 200 -
::1 - - [30/Mar/2026 13:51:50] "GET /sdk/lcc-0.5.5.js HTTP/1.1" 200 -
::1 - - [30/Mar/2026 13:51:50] "GET /examples/app/schema/tour-config-runtime.js HTTP/1.1" 200 -
::1 - - [30/Mar/2026 13:51:50] "GET /examples/app/analytics/analytics-client.js HTTP/1.1" 200 -
::1 - - [30/Mar/2026 13:51:50] "GET /examples/app/engine/camera-startup.js HTTP/1.1" 200 -
::1 - - [30/Mar/2026 13:51:50] "GET /examples/app/engine/collision-resolver.js HTTP/1.1" 200 -
::1 - - [30/Mar/2026 13:51:50] "GET /examples/app/engine/hotspots-engine.js HTTP/1.1" 200 -
::1 - - [30/Mar/2026 13:51:50] "GET /examples/app/engine/viewer-engine.js HTTP/1.1" 200 -
::1 - - [30/Mar/2026 13:51:50] "GET /examples/app/navigation/navigation-events.js HTTP/1.1" 200 -
::1 - - [30/Mar/2026 13:51:50] "GET /examples/app/navigation/navigation-controller.js HTTP/1.1" 200 -
::1 - - [30/Mar/2026 13:51:50] "GET /examples/app/navigation/movement-resolver.js HTTP/1.1" 200 -
::1 - - [30/Mar/2026 13:51:50] "GET /examples/app/navigation/navigation-feel-config.js HTTP/1.1" 200 -
::1 - - [30/Mar/2026 13:51:50] "GET /examples/app/navigation/location-resolver.js HTTP/1.1" 200 -
::1 - - [30/Mar/2026 13:51:50] "GET /examples/app/navigation/navigation-types.js HTTP/1.1" 200 -
::1 - - [30/Mar/2026 13:51:50] "GET /examples/app/input/navigation-input.js HTTP/1.1" 200 -
::1 - - [30/Mar/2026 13:51:50] "GET /examples/app/state/viewer-store.js HTTP/1.1" 200 -
::1 - - [30/Mar/2026 13:51:50] "GET /examples/app/ui/loading-ui.js HTTP/1.1" 200 -
::1 - - [30/Mar/2026 13:51:50] "GET /examples/app/ui/onboarding-ui.js HTTP/1.1" 200 -
::1 - - [30/Mar/2026 13:51:50] "GET /examples/app/ui/ui-controller.js HTTP/1.1" 200 -
::1 - - [30/Mar/2026 13:51:50] "GET /examples/app/ui/editor-ui.js HTTP/1.1" 200 -
::1 - - [30/Mar/2026 13:51:50] "GET /examples/app/navigation/collision-policy.js HTTP/1.1" 200 -
::1 - - [30/Mar/2026 13:51:50] "GET /examples/app/input/editable-target.js HTTP/1.1" 200 -
::1 - - [30/Mar/2026 13:51:50] "GET /tours/tours.registry.json HTTP/1.1" 200 -
::1 - - [30/Mar/2026 13:51:50] "GET /tours/models.registry.json HTTP/1.1" 200 -
::1 - - [30/Mar/2026 13:51:50] "GET /tours/brighton-emily-001/tour.json HTTP/1.1" 200 -
::1 - - [30/Mar/2026 13:54:01] "GET /examples/three.html?tour=brighton-emily-001&edit=1 HTTP/1.1" 304 -
::1 - - [30/Mar/2026 13:54:01] "GET /tours/models.registry.json HTTP/1.1" 200 -
::1 - - [30/Mar/2026 13:54:01] "GET /tours/tours.registry.json HTTP/1.1" 200 -
::1 - - [30/Mar/2026 13:54:01] "GET /tours/brighton-emily-001/tour.json HTTP/1.1" 200 -
::1 - - [30/Mar/2026 13:54:12] "GET /examples/three.html?tour=brighton-emily-001&edit=1 HTTP/1.1" 304 -
::1 - - [30/Mar/2026 13:54:12] "GET /tours/models.registry.json HTTP/1.1" 200 -
::1 - - [30/Mar/2026 13:54:12] "GET /tours/tours.registry.json HTTP/1.1" 200 -
::1 - - [30/Mar/2026 13:54:12] "GET /tours/brighton-emily-001/tour.json HTTP/1.1" 200 -
::1 - - [30/Mar/2026 13:54:22] "GET /examples/three.html?tour=brighton-emily-001&edit=1 HTTP/1.1" 304 -
::1 - - [30/Mar/2026 13:54:22] "GET /tours/models.registry.json HTTP/1.1" 200 -
::1 - - [30/Mar/2026 13:54:22] "GET /tours/tours.registry.json HTTP/1.1" 200 -
::1 - - [30/Mar/2026 13:54:22] "GET /tours/brighton-emily-001/tour.json HTTP/1.1" 200 -
::1 - - [30/Mar/2026 14:27:23] "GET /examples/three.html?tour=penthouse-001&edit=1 HTTP/1.1" 200 -
::1 - - [30/Mar/2026 14:27:23] "GET /examples/app/schema/tour-config-runtime.js HTTP/1.1" 304 -
::1 - - [30/Mar/2026 14:27:23] "GET /examples/app/navigation/navigation-controller.js HTTP/1.1" 304 -
::1 - - [30/Mar/2026 14:27:23] "GET /examples/app/navigation/navigation-types.js HTTP/1.1" 304 -
::1 - - [30/Mar/2026 14:27:23] "GET /examples/app/navigation/collision-policy.js HTTP/1.1" 304 -
::1 - - [30/Mar/2026 14:27:23] "GET /tours/models.registry.json HTTP/1.1" 200 -
::1 - - [30/Mar/2026 14:27:23] "GET /tours/tours.registry.json HTTP/1.1" 200 -
::1 - - [30/Mar/2026 14:27:23] "GET /tours/penthouse-001/tour.json HTTP/1.1" 200 -
::1 - - [30/Mar/2026 14:27:23] code 404, message File not found
::1 - - [30/Mar/2026 14:27:23] "GET /assets/PentHouse/meta.lcc HTTP/1.1" 404 -
::1 - - [30/Mar/2026 14:27:23] code 404, message File not found
::1 - - [30/Mar/2026 14:27:23] "GET /assets/PentHouse/thumb.jpg HTTP/1.1" 404 -
::1 - - [30/Mar/2026 14:27:23] code 404, message File not found
::1 - - [30/Mar/2026 14:27:23] "GET /assets/PentHouse/meta.splat HTTP/1.1" 404 -
::1 - - [30/Mar/2026 14:27:25] "GET /examples/three.html?tour=penthouse-001&edit=1 HTTP/1.1" 304 -
::1 - - [30/Mar/2026 14:27:25] "GET /tours/models.registry.json HTTP/1.1" 200 -
::1 - - [30/Mar/2026 14:27:25] "GET /tours/tours.registry.json HTTP/1.1" 200 -
::1 - - [30/Mar/2026 14:27:25] "GET /tours/penthouse-001/tour.json HTTP/1.1" 200 -
::1 - - [30/Mar/2026 14:27:25] code 404, message File not found
::1 - - [30/Mar/2026 14:27:25] "GET /assets/PentHouse/meta.lcc HTTP/1.1" 404 -
::1 - - [30/Mar/2026 14:27:25] code 404, message File not found
::1 - - [30/Mar/2026 14:27:25] "GET /assets/PentHouse/thumb.jpg HTTP/1.1" 404 -
::1 - - [30/Mar/2026 14:27:25] code 404, message File not found
::1 - - [30/Mar/2026 14:27:25] "GET /assets/PentHouse/meta.splat HTTP/1.1" 404 -
::1 - - [30/Mar/2026 14:59:29] "GET /examples/three.html?tour=brighton-emily-001 HTTP/1.1" 200 -
::1 - - [30/Mar/2026 14:59:29] "GET /examples/three.html?tour=brighton-emily-001&edit=1 HTTP/1.1" 200 -
::1 - - [30/Mar/2026 15:31:27] "GET /examples/three.html?tour=brighton-emily-001&edit=1 HTTP/1.1" 200 -
::1 - - [30/Mar/2026 15:31:27] code 404, message File not found
::1 - - [30/Mar/2026 15:31:27] "GET /.well-known/appspecific/com.chrome.devtools.json HTTP/1.1" 404 -
::1 - - [30/Mar/2026 15:55:09] "GET /examples/three.html?tour=brighton-emily-001&edit=1 HTTP/1.1" 200 -
::1 - - [30/Mar/2026 15:55:09] "GET /examples/app/schema/tour-config-runtime.js HTTP/1.1" 200 -
::1 - - [30/Mar/2026 15:55:09] "GET /examples/app/navigation/navigation-controller.js HTTP/1.1" 200 -
::1 - - [30/Mar/2026 15:55:09] "GET /examples/app/navigation/movement-resolver.js HTTP/1.1" 304 -
::1 - - [30/Mar/2026 15:55:09] "GET /examples/app/navigation/navigation-types.js HTTP/1.1" 304 -
::1 - - [30/Mar/2026 15:55:09] "GET /examples/app/navigation/collision-policy.js HTTP/1.1" 200 -
::1 - - [30/Mar/2026 15:55:09] "GET /tours/models.registry.json HTTP/1.1" 200 -
::1 - - [30/Mar/2026 15:55:09] "GET /tours/tours.registry.json HTTP/1.1" 200 -
::1 - - [30/Mar/2026 15:55:09] "GET /tours/brighton-emily-001/tour.json HTTP/1.1" 200 -
::1 - - [30/Mar/2026 15:59:19] "GET /examples/three.html?tour=brighton-emily-001&edit=1 HTTP/1.1" 304 -
::1 - - [30/Mar/2026 15:59:19] "GET /examples/app/engine/camera-startup.js HTTP/1.1" 304 -
::1 - - [30/Mar/2026 15:59:19] "GET /examples/app/navigation/navigation-feel-config.js HTTP/1.1" 304 -
::1 - - [30/Mar/2026 15:59:19] "GET /examples/app/engine/collision-resolver.js HTTP/1.1" 304 -
::1 - - [30/Mar/2026 15:59:19] "GET /examples/app/engine/viewer-engine.js HTTP/1.1" 200 -
::1 - - [30/Mar/2026 15:59:19] "GET /tours/models.registry.json HTTP/1.1" 200 -
::1 - - [30/Mar/2026 15:59:19] "GET /tours/tours.registry.json HTTP/1.1" 200 -
::1 - - [30/Mar/2026 15:59:19] "GET /tours/brighton-emily-001/tour.json HTTP/1.1" 200 -
::1 - - [30/Mar/2026 16:00:51] "GET /examples/three.html?tour=brighton-emily-001 HTTP/1.1" 200 -
::1 - - [30/Mar/2026 16:00:51] "GET /tours/models.registry.json HTTP/1.1" 200 -
::1 - - [30/Mar/2026 16:00:51] "GET /tours/tours.registry.json HTTP/1.1" 200 -
::1 - - [30/Mar/2026 16:00:51] "GET /tours/brighton-emily-001/tour.json HTTP/1.1" 200 -
::1 - - [30/Mar/2026 17:00:09] "GET /examples/three.html?tour=brighton-emily-001 HTTP/1.1" 200 -
::1 - - [30/Mar/2026 17:00:09] "GET /examples/app/schema/tour-config-runtime.js HTTP/1.1" 200 -
::1 - - [30/Mar/2026 17:00:09] "GET /examples/app/engine/viewer-engine.js HTTP/1.1" 304 -
::1 - - [30/Mar/2026 17:00:09] "GET /examples/app/navigation/navigation-controller.js HTTP/1.1" 200 -
::1 - - [30/Mar/2026 17:00:09] "GET /examples/app/navigation/navigation-events.js HTTP/1.1" 304 -
::1 - - [30/Mar/2026 17:00:09] "GET /examples/app/navigation/location-resolver.js HTTP/1.1" 304 -
::1 - - [30/Mar/2026 17:00:09] "GET /examples/app/navigation/navigation-types.js HTTP/1.1" 304 -
::1 - - [30/Mar/2026 17:00:09] "GET /examples/app/input/navigation-input.js HTTP/1.1" 304 -
::1 - - [30/Mar/2026 17:00:09] "GET /examples/app/ui/ui-controller.js HTTP/1.1" 200 -
::1 - - [30/Mar/2026 17:00:09] "GET /examples/app/navigation/collision-policy.js HTTP/1.1" 200 -
::1 - - [30/Mar/2026 17:00:09] "GET /examples/app/input/editable-target.js HTTP/1.1" 304 -
::1 - - [30/Mar/2026 17:00:09] "GET /tours/models.registry.json HTTP/1.1" 200 -
::1 - - [30/Mar/2026 17:00:09] "GET /tours/tours.registry.json HTTP/1.1" 200 -
::1 - - [30/Mar/2026 17:00:09] "GET /tours/brighton-emily-001/tour.json HTTP/1.1" 200 -
::1 - - [30/Mar/2026 17:00:09] "GET /examples/three.html?tour=brighton-emily-001 HTTP/1.1" 304 -
::1 - - [30/Mar/2026 17:00:09] "GET /tours/models.registry.json HTTP/1.1" 200 -
::1 - - [30/Mar/2026 17:00:09] "GET /tours/tours.registry.json HTTP/1.1" 200 -
::1 - - [30/Mar/2026 17:00:09] "GET /tours/brighton-emily-001/tour.json HTTP/1.1" 200 -
::1 - - [30/Mar/2026 17:00:17] "GET /tours/models.registry.json HTTP/1.1" 200 -
::1 - - [30/Mar/2026 17:00:17] "GET /tours/tours.registry.json HTTP/1.1" 200 -
::1 - - [30/Mar/2026 17:00:17] "GET /tours/brighton-emily-001/tour.json HTTP/1.1" 200 -
::1 - - [30/Mar/2026 17:00:42] "GET /examples/three.html?tour=penthouse-001&edit=1 HTTP/1.1" 200 -
::1 - - [30/Mar/2026 17:00:42] "GET /tours/models.registry.json HTTP/1.1" 200 -
::1 - - [30/Mar/2026 17:00:42] "GET /tours/tours.registry.json HTTP/1.1" 200 -
::1 - - [30/Mar/2026 17:00:42] "GET /tours/penthouse-001/tour.json HTTP/1.1" 200 -
::1 - - [30/Mar/2026 17:00:42] code 404, message File not found
::1 - - [30/Mar/2026 17:00:42] code 404, message File not found
::1 - - [30/Mar/2026 17:00:42] "GET /assets/PentHouse/meta.lcc HTTP/1.1" 404 -
::1 - - [30/Mar/2026 17:00:42] "GET /assets/PentHouse/thumb.jpg HTTP/1.1" 404 -
::1 - - [30/Mar/2026 17:00:42] code 404, message File not found
::1 - - [30/Mar/2026 17:00:42] "GET /assets/PentHouse/meta.splat HTTP/1.1" 404 -
::1 - - [30/Mar/2026 17:00:44] "GET /examples/three.html?tour=penthouse-001&edit=1 HTTP/1.1" 200 -
::1 - - [30/Mar/2026 17:00:44] "GET /tours/models.registry.json HTTP/1.1" 200 -
::1 - - [30/Mar/2026 17:00:44] "GET /tours/tours.registry.json HTTP/1.1" 200 -
::1 - - [30/Mar/2026 17:00:44] "GET /tours/penthouse-001/tour.json HTTP/1.1" 200 -
::1 - - [30/Mar/2026 17:00:44] code 404, message File not found
::1 - - [30/Mar/2026 17:00:44] "GET /assets/PentHouse/meta.lcc HTTP/1.1" 404 -
::1 - - [30/Mar/2026 17:00:44] code 404, message File not found
::1 - - [30/Mar/2026 17:00:44] "GET /assets/PentHouse/thumb.jpg HTTP/1.1" 404 -
::1 - - [30/Mar/2026 17:00:44] code 404, message File not found
::1 - - [30/Mar/2026 17:00:44] "GET /assets/PentHouse/meta.splat HTTP/1.1" 404 -
::1 - - [30/Mar/2026 17:00:50] "GET /examples/three.html?tour=brighton-emily-001 HTTP/1.1" 200 -
::1 - - [30/Mar/2026 17:00:50] "GET /tours/models.registry.json HTTP/1.1" 200 -
::1 - - [30/Mar/2026 17:00:50] "GET /tours/tours.registry.json HTTP/1.1" 200 -
::1 - - [30/Mar/2026 17:00:50] "GET /tours/brighton-emily-001/tour.json HTTP/1.1" 200 -
::1 - - [30/Mar/2026 17:03:25] "GET /examples/three.html?tour=brighton-emily-001&edit=1&debug=1&intro=0&start=home HTTP/1.1" 200 -
::1 - - [30/Mar/2026 17:03:25] "GET /examples/app/schema/tour-config-runtime.js HTTP/1.1" 304 -
::1 - - [30/Mar/2026 17:03:25] "GET /examples/app/navigation/navigation-controller.js HTTP/1.1" 304 -
::1 - - [30/Mar/2026 17:03:25] "GET /examples/app/navigation/collision-policy.js HTTP/1.1" 304 -
::1 - - [30/Mar/2026 17:03:25] "GET /tours/tours.registry.json HTTP/1.1" 200 -
::1 - - [30/Mar/2026 17:03:25] "GET /tours/models.registry.json HTTP/1.1" 200 -
::1 - - [30/Mar/2026 17:03:25] "GET /tours/brighton-emily-001/tour.json HTTP/1.1" 200 -
::1 - - [30/Mar/2026 17:07:45] "GET /examples/three.html?tour=brighton-emily-001&edit=1&debug=1&intro=0&start=home HTTP/1.1" 304 -
::1 - - [30/Mar/2026 17:07:45] "GET /examples/app/schema/tour-config-runtime.js HTTP/1.1" 304 -
::1 - - [30/Mar/2026 17:07:45] "GET /examples/app/navigation/navigation-controller.js HTTP/1.1" 304 -
::1 - - [30/Mar/2026 17:07:46] "GET /examples/app/navigation/collision-policy.js HTTP/1.1" 304 -
::1 - - [30/Mar/2026 17:07:46] "GET /tours/models.registry.json HTTP/1.1" 200 -
::1 - - [30/Mar/2026 17:07:46] "GET /tours/tours.registry.json HTTP/1.1" 200 -
::1 - - [30/Mar/2026 17:07:46] "GET /tours/brighton-emily-001/tour.json HTTP/1.1" 200 -
::1 - - [30/Mar/2026 17:22:03] "GET /examples/three.html?tour=brighton-emily-001&edit=1&debug=1&intro=0&start=home HTTP/1.1" 304 -
::1 - - [30/Mar/2026 17:22:03] "GET /examples/app/schema/tour-config-runtime.js HTTP/1.1" 304 -
::1 - - [30/Mar/2026 17:22:03] "GET /examples/app/engine/viewer-engine.js HTTP/1.1" 304 -
::1 - - [30/Mar/2026 17:22:03] "GET /examples/app/navigation/navigation-controller.js HTTP/1.1" 304 -
::1 - - [30/Mar/2026 17:22:03] "GET /examples/app/ui/ui-controller.js HTTP/1.1" 304 -
::1 - - [30/Mar/2026 17:22:03] "GET /examples/app/navigation/collision-policy.js HTTP/1.1" 304 -
::1 - - [30/Mar/2026 17:22:03] "GET /tours/models.registry.json HTTP/1.1" 200 -
::1 - - [30/Mar/2026 17:22:03] "GET /tours/tours.registry.json HTTP/1.1" 200 -
::1 - - [30/Mar/2026 17:22:03] "GET /tours/brighton-emily-001/tour.json HTTP/1.1" 200 -
::1 - - [30/Mar/2026 17:48:45] "GET /examples/three.html?tour=brighton-emily-001 HTTP/1.1" 200 -
::1 - - [30/Mar/2026 17:48:45] "GET /examples/three.html?tour=brighton-emily-001&edit=1 HTTP/1.1" 200 -
::1 - - [30/Mar/2026 18:16:39] "GET /examples/three.html?tour=brighton-emily-001&edit=1 HTTP/1.1" 200 -
::1 - - [30/Mar/2026 18:16:40] "GET /examples/three.html?tour=brighton-emily-001 HTTP/1.1" 200 -
::1 - - [30/Mar/2026 18:19:02] "GET /examples/three.html?tour=brighton-emily-001 HTTP/1.1" 200 -
::1 - - [30/Mar/2026 18:19:02] "GET /examples/three.html?tour=brighton-emily-001&edit=1 HTTP/1.1" 200 -
::1 - - [30/Mar/2026 18:19:02] "GET /examples/three.html?tour=brighton-emily-001&edit=1 HTTP/1.1" 200 -
::1 - - [30/Mar/2026 18:20:03] "GET /examples/three.html?tour=brighton-emily-001 HTTP/1.1" 200 -
::1 - - [30/Mar/2026 18:20:03] "GET /examples/three.html?tour=brighton-emily-001&edit=1 HTTP/1.1" 200 -
::1 - - [30/Mar/2026 19:00:21] "GET /examples/three.html?tour=brighton-emily-001&debug=1&intro=0&start=home HTTP/1.1" 200 -
::1 - - [30/Mar/2026 19:00:21] "GET /examples/app/schema/tour-config-runtime.js HTTP/1.1" 304 -
::1 - - [30/Mar/2026 19:00:21] "GET /examples/app/engine/collision-resolver.js HTTP/1.1" 304 -
::1 - - [30/Mar/2026 19:00:21] "GET /examples/app/engine/camera-startup.js HTTP/1.1" 304 -
::1 - - [30/Mar/2026 19:00:21] "GET /examples/app/engine/viewer-engine.js HTTP/1.1" 304 -
::1 - - [30/Mar/2026 19:00:21] "GET /examples/app/navigation/navigation-controller.js HTTP/1.1" 200 -
::1 - - [30/Mar/2026 19:00:21] "GET /examples/app/navigation/movement-resolver.js HTTP/1.1" 304 -
::1 - - [30/Mar/2026 19:00:21] "GET /examples/app/navigation/navigation-feel-config.js HTTP/1.1" 304 -
::1 - - [30/Mar/2026 19:00:21] "GET /examples/app/navigation/navigation-types.js HTTP/1.1" 304 -
::1 - - [30/Mar/2026 19:00:21] "GET /examples/app/ui/ui-controller.js HTTP/1.1" 304 -
::1 - - [30/Mar/2026 19:00:21] "GET /examples/app/navigation/collision-policy.js HTTP/1.1" 200 -
::1 - - [30/Mar/2026 19:00:21] "GET /tours/models.registry.json HTTP/1.1" 200 -
::1 - - [30/Mar/2026 19:00:21] "GET /tours/tours.registry.json HTTP/1.1" 200 -
::1 - - [30/Mar/2026 19:00:21] "GET /tours/brighton-emily-001/tour.json HTTP/1.1" 200 -
::1 - - [30/Mar/2026 19:04:12] code 404, message File not found
::1 - - [30/Mar/2026 19:04:12] "GET /.well-known/appspecific/com.chrome.devtools.json HTTP/1.1" 404 -
::1 - - [30/Mar/2026 19:07:08] "GET /examples/three.html?tour=brighton-emily-001&edit=1&debug=1&intro=0&start=home HTTP/1.1" 200 -
::1 - - [30/Mar/2026 19:07:09] "GET /tours/models.registry.json HTTP/1.1" 200 -
::1 - - [30/Mar/2026 19:07:09] "GET /tours/tours.registry.json HTTP/1.1" 200 -
::1 - - [30/Mar/2026 19:07:09] "GET /tours/brighton-emily-001/tour.json HTTP/1.1" 200 -
::1 - - [30/Mar/2026 19:07:19] "GET /examples/three.html?tour=brighton-emily-001&edit=1&debug=1&intro=0&start=home HTTP/1.1" 304 -
::1 - - [30/Mar/2026 19:07:19] "GET /tours/models.registry.json HTTP/1.1" 200 -
::1 - - [30/Mar/2026 19:07:19] "GET /tours/tours.registry.json HTTP/1.1" 200 -
::1 - - [30/Mar/2026 19:07:19] "GET /tours/brighton-emily-001/tour.json HTTP/1.1" 200 -
::1 - - [30/Mar/2026 19:12:01] "GET /examples/three.html?tour=brighton-emily-001 HTTP/1.1" 200 -
::1 - - [30/Mar/2026 19:12:01] "GET /examples/three.html?tour=brighton-emily-001&edit=1 HTTP/1.1" 200 -
::1 - - [30/Mar/2026 19:12:39] "GET /examples/three.html?tour=brighton-emily-001 HTTP/1.1" 200 -
::1 - - [30/Mar/2026 19:12:40] "GET /examples/three.html?tour=brighton-emily-001&edit=1 HTTP/1.1" 200 -
::1 - - [30/Mar/2026 19:12:40] "GET /examples/three.html?tour=brighton-emily-001&intro=0 HTTP/1.1" 200 -
::1 - - [30/Mar/2026 19:14:49] "GET /examples/three.html?tour=brighton-emily-001&edit=1&debug=1&intro=0&start=home HTTP/1.1" 200 -
::1 - - [30/Mar/2026 19:14:50] "GET /examples/app/schema/tour-config-runtime.js HTTP/1.1" 304 -
::1 - - [30/Mar/2026 19:14:50] "GET /examples/app/navigation/navigation-controller.js HTTP/1.1" 304 -
::1 - - [30/Mar/2026 19:14:50] "GET /examples/app/navigation/collision-policy.js HTTP/1.1" 304 -
::1 - - [30/Mar/2026 19:14:50] "GET /tours/models.registry.json HTTP/1.1" 200 -
::1 - - [30/Mar/2026 19:14:50] "GET /tours/tours.registry.json HTTP/1.1" 200 -
::1 - - [30/Mar/2026 19:14:50] "GET /tours/brighton-emily-001/tour.json HTTP/1.1" 200 -
::1 - - [30/Mar/2026 19:15:04] "GET /examples/three.html?tour=brighton-emily-001&debug=1&intro=0&start=home HTTP/1.1" 200 -
::1 - - [30/Mar/2026 19:15:04] "GET /tours/models.registry.json HTTP/1.1" 200 -
::1 - - [30/Mar/2026 19:15:04] "GET /tours/tours.registry.json HTTP/1.1" 200 -
::1 - - [30/Mar/2026 19:15:04] "GET /tours/brighton-emily-001/tour.json HTTP/1.1" 200 -
::1 - - [30/Mar/2026 19:35:56] "GET /examples/three.html?tour=brighton-emily-001 HTTP/1.1" 200 -
::1 - - [30/Mar/2026 19:35:56] "GET /examples/three.html?tour=brighton-emily-001&edit=1 HTTP/1.1" 200 -
::1 - - [30/Mar/2026 19:42:28] "GET /examples/three.html?tour=brighton-emily-001&debug=1&intro=0&start=home HTTP/1.1" 200 -
::1 - - [30/Mar/2026 19:42:28] "GET /examples/app/engine/viewer-engine.js HTTP/1.1" 304 -
::1 - - [30/Mar/2026 19:42:28] "GET /examples/app/schema/tour-config-runtime.js HTTP/1.1" 304 -
::1 - - [30/Mar/2026 19:42:28] "GET /examples/app/ui/ui-controller.js HTTP/1.1" 304 -
::1 - - [30/Mar/2026 19:42:28] "GET /examples/app/navigation/navigation-controller.js HTTP/1.1" 304 -
::1 - - [30/Mar/2026 19:42:28] "GET /examples/app/navigation/collision-policy.js HTTP/1.1" 304 -
::1 - - [30/Mar/2026 19:42:28] "GET /tours/models.registry.json HTTP/1.1" 200 -
::1 - - [30/Mar/2026 19:42:28] "GET /tours/tours.registry.json HTTP/1.1" 200 -
::1 - - [30/Mar/2026 19:42:28] "GET /tours/brighton-emily-001/tour.json HTTP/1.1" 200 -
::1 - - [30/Mar/2026 19:42:39] code 404, message File not found
::1 - - [30/Mar/2026 19:42:39] "GET /.well-known/appspecific/com.chrome.devtools.json HTTP/1.1" 404 -
::1 - - [30/Mar/2026 19:47:52] "GET /examples/three.html?tour=brighton-emily-001&debug=1&intro=0&start=home HTTP/1.1" 304 -
::1 - - [30/Mar/2026 19:47:52] "GET /examples/app/navigation/navigation-types.js HTTP/1.1" 304 -
::1 - - [30/Mar/2026 19:47:52] "GET /tours/models.registry.json HTTP/1.1" 200 -
::1 - - [30/Mar/2026 19:47:52] "GET /tours/tours.registry.json HTTP/1.1" 200 -
::1 - - [30/Mar/2026 19:47:52] "GET /tours/brighton-emily-001/tour.json HTTP/1.1" 200 -
::1 - - [30/Mar/2026 19:49:04] "GET /tours/models.registry.json HTTP/1.1" 200 -
::1 - - [30/Mar/2026 19:49:04] "GET /tours/tours.registry.json HTTP/1.1" 200 -
::1 - - [30/Mar/2026 19:49:04] "GET /tours/brighton-emily-001/tour.json HTTP/1.1" 200 -
::1 - - [30/Mar/2026 19:49:28] "GET /examples/app/engine/hotspots-engine.js HTTP/1.1" 200 -
::1 - - [30/Mar/2026 19:49:28] "GET /examples/three.html?tour=brighton-emily-001&edit=1 HTTP/1.1" 200 -
::1 - - [30/Mar/2026 19:49:28] "GET /examples/app/engine/hotspots-engine.js HTTP/1.1" 200 -
::1 - - [30/Mar/2026 19:49:39] "GET /examples/app/engine/hotspots-engine.js HTTP/1.1" 200 -
::1 - - [30/Mar/2026 19:51:58] "GET /examples/three.html?tour=brighton-emily-001 HTTP/1.1" 200 -
::1 - - [30/Mar/2026 19:51:58] "GET /examples/three.html?tour=brighton-emily-001&edit=1 HTTP/1.1" 200 -
::1 - - [30/Mar/2026 19:51:58] "GET /examples/app/engine/hotspots-engine.js HTTP/1.1" 200 -
::1 - - [30/Mar/2026 19:51:58] "GET /examples/three.html?tour=brighton-emily-001&edit=1 HTTP/1.1" 200 -
::1 - - [30/Mar/2026 19:51:58] "GET /examples/app/engine/hotspots-engine.js HTTP/1.1" 200 -
::1 - - [30/Mar/2026 19:52:20] "GET /examples/three.html?tour=brighton-emily-001&edit=1 HTTP/1.1" 200 -
::1 - - [30/Mar/2026 19:56:38] "GET /examples/three.html?tour=brighton-emily-001&debug=1&intro=0&start=home HTTP/1.1" 200 -
::1 - - [30/Mar/2026 19:56:38] "GET /examples/app/navigation/navigation-events.js HTTP/1.1" 304 -
::1 - - [30/Mar/2026 19:56:38] "GET /examples/app/navigation/navigation-controller.js HTTP/1.1" 304 -
::1 - - [30/Mar/2026 19:56:38] "GET /examples/app/navigation/location-resolver.js HTTP/1.1" 304 -
::1 - - [30/Mar/2026 19:56:38] "GET /examples/app/input/navigation-input.js HTTP/1.1" 304 -
::1 - - [30/Mar/2026 19:56:38] "GET /examples/app/navigation/collision-policy.js HTTP/1.1" 304 -
::1 - - [30/Mar/2026 19:56:38] "GET /examples/app/input/editable-target.js HTTP/1.1" 304 -
::1 - - [30/Mar/2026 19:56:38] "GET /tours/models.registry.json HTTP/1.1" 200 -
::1 - - [30/Mar/2026 19:56:38] "GET /tours/tours.registry.json HTTP/1.1" 200 -
::1 - - [30/Mar/2026 19:56:38] "GET /tours/brighton-emily-001/tour.json HTTP/1.1" 200 -
::1 - - [30/Mar/2026 19:57:31] "GET /examples/three.html?tour=brighton-emily-001&edit=1 HTTP/1.1" 200 -
::1 - - [30/Mar/2026 19:57:31] "GET /tours/models.registry.json HTTP/1.1" 200 -
::1 - - [30/Mar/2026 19:57:31] "GET /tours/tours.registry.json HTTP/1.1" 200 -
::1 - - [30/Mar/2026 19:57:31] "GET /tours/brighton-emily-001/tour.json HTTP/1.1" 200 -
::1 - - [30/Mar/2026 19:59:03] "GET /examples/three.html?edit=1&new=1&model=penthouse-model HTTP/1.1" 200 -
::1 - - [30/Mar/2026 19:59:03] "GET /tours/models.registry.json HTTP/1.1" 200 -
::1 - - [30/Mar/2026 19:59:03] "GET /tours/tours.registry.json HTTP/1.1" 200 -
::1 - - [30/Mar/2026 19:59:03] code 404, message File not found
::1 - - [30/Mar/2026 19:59:03] code 404, message File not found
::1 - - [30/Mar/2026 19:59:03] "GET /assets/PentHouse/meta.lcc HTTP/1.1" 404 -
::1 - - [30/Mar/2026 19:59:03] "GET /assets/PentHouse/thumb.jpg HTTP/1.1" 404 -
::1 - - [30/Mar/2026 19:59:03] code 404, message File not found
::1 - - [30/Mar/2026 19:59:03] "GET /assets/PentHouse/meta.splat HTTP/1.1" 404 -
::1 - - [30/Mar/2026 19:59:06] "GET /examples/three.html?edit=1&new=1&model=penthouse-model HTTP/1.1" 304 -
::1 - - [30/Mar/2026 19:59:06] "GET /tours/models.registry.json HTTP/1.1" 200 -
::1 - - [30/Mar/2026 19:59:06] "GET /tours/tours.registry.json HTTP/1.1" 200 -
::1 - - [30/Mar/2026 19:59:06] code 404, message File not found
::1 - - [30/Mar/2026 19:59:06] code 404, message File not found
::1 - - [30/Mar/2026 19:59:06] "GET /assets/PentHouse/meta.lcc HTTP/1.1" 404 -
::1 - - [30/Mar/2026 19:59:06] "GET /assets/PentHouse/thumb.jpg HTTP/1.1" 404 -
::1 - - [30/Mar/2026 19:59:06] code 404, message File not found
::1 - - [30/Mar/2026 19:59:06] "GET /assets/PentHouse/meta.splat HTTP/1.1" 404 -
::1 - - [30/Mar/2026 19:59:13] "GET /examples/three.html?edit=1&new=1&model=brighton-emily HTTP/1.1" 200 -
::1 - - [30/Mar/2026 19:59:13] "GET /tours/models.registry.json HTTP/1.1" 200 -
::1 - - [30/Mar/2026 19:59:13] "GET /tours/tours.registry.json HTTP/1.1" 200 -
